This is pdfTeX, Version 3.14159265-2.6-1.40.16 (MiKTeX 2.9) (preloaded format=pdflatex 2016.3.26)  2 MAR 2017 17:28
entering extended mode
**"C:/Users/Mike/Dropbox/ODU/SPRING 17/CS 432 - WEB SCIENCE/hw 4/report/Report-
Assignment 4.tex"

("C:/Users/Mike/Dropbox/ODU/SPRING 17/CS 432 - WEB SCIENCE/hw 4/report/Report-A
ssignment 4.tex"
LaTeX2e <2015/10/01> patch level 2
Babel <3.9n> and hyphenation patterns for 69 languages loaded.
("C:\Users\Mike\AppData\Local\Programs\MiKTeX 2.9\tex\latex\base\article.cls"
Document Class: article 2014/09/29 v1.4h Standard LaTeX document class
("C:\Users\Mike\AppData\Local\Programs\MiKTeX 2.9\tex\latex\base\size10.clo"
File: size10.clo 2014/09/29 v1.4h Standard LaTeX file (size option)
)
\c@part=\count79
\c@section=\count80
\c@subsection=\count81
\c@subsubsection=\count82
\c@paragraph=\count83
\c@subparagraph=\count84
\c@figure=\count85
\c@table=\count86
\abovecaptionskip=\skip41
\belowcaptionskip=\skip42
\bibindent=\dimen102
)
("C:\Users\Mike\AppData\Local\Programs\MiKTeX 2.9\tex\latex\geometry\geometry.s
ty"
Package: geometry 2010/09/12 v5.6 Page Geometry

("C:\Users\Mike\AppData\Local\Programs\MiKTeX 2.9\tex\latex\graphics\keyval.sty
"
Package: keyval 2014/10/28 v1.15 key=value parser (DPC)
\KV@toks@=\toks14
)
("C:\Users\Mike\AppData\Local\Programs\MiKTeX 2.9\tex\generic\oberdiek\ifpdf.st
y"
Package: ifpdf 2011/01/30 v2.3 Provides the ifpdf switch (HO)
Package ifpdf Info: pdfTeX in PDF mode is detected.
)
("C:\Users\Mike\AppData\Local\Programs\MiKTeX 2.9\tex\generic\oberdiek\ifvtex.s
ty"
Package: ifvtex 2010/03/01 v1.5 Detect VTeX and its facilities (HO)
Package ifvtex Info: VTeX not detected.
)
("C:\Users\Mike\AppData\Local\Programs\MiKTeX 2.9\tex\generic\ifxetex\ifxetex.s
ty"
Package: ifxetex 2010/09/12 v0.6 Provides ifxetex conditional
)
\Gm@cnth=\count87
\Gm@cntv=\count88
\c@Gm@tempcnt=\count89
\Gm@bindingoffset=\dimen103
\Gm@wd@mp=\dimen104
\Gm@odd@mp=\dimen105
\Gm@even@mp=\dimen106
\Gm@layoutwidth=\dimen107
\Gm@layoutheight=\dimen108
\Gm@layouthoffset=\dimen109
\Gm@layoutvoffset=\dimen110
\Gm@dimlist=\toks15

("C:\Users\Mike\AppData\Local\Programs\MiKTeX 2.9\tex\latex\geometry\geometry.c
fg"))
("C:\Users\Mike\AppData\Local\Programs\MiKTeX 2.9\tex\latex\tools\tabularx.sty"
Package: tabularx 2014/10/28 v2.10 `tabularx' package (DPC)
("C:\Users\Mike\AppData\Local\Programs\MiKTeX 2.9\tex\latex\tools\array.sty"
Package: array 2014/10/28 v2.4c Tabular extension package (FMi)
\col@sep=\dimen111
\extrarowheight=\dimen112
\NC@list=\toks16
\extratabsurround=\skip43
\backup@length=\skip44
)
\TX@col@width=\dimen113
\TX@old@table=\dimen114
\TX@old@col=\dimen115
\TX@target=\dimen116
\TX@delta=\dimen117
\TX@cols=\count90
\TX@ftn=\toks17
)
("C:\Users\Mike\AppData\Local\Programs\MiKTeX 2.9\tex\latex\fancyvrb\fancyvrb.s
ty"
Package: fancyvrb 2008/02/07

Style option: `fancyvrb' v2.7a, with DG/SPQR fixes, and firstline=lastline fix 
<2008/02/07> (tvz)
\FV@CodeLineNo=\count91
\FV@InFile=\read1
\FV@TabBox=\box26
\c@FancyVerbLine=\count92
\FV@StepNumber=\count93
\FV@OutFile=\write3
)
("C:\Users\Mike\AppData\Local\Programs\MiKTeX 2.9\tex\latex\graphics\graphicx.s
ty"
Package: graphicx 2014/10/28 v1.0g Enhanced LaTeX Graphics (DPC,SPQR)

("C:\Users\Mike\AppData\Local\Programs\MiKTeX 2.9\tex\latex\graphics\graphics.s
ty"
Package: graphics 2014/10/28 v1.0p Standard LaTeX Graphics (DPC,SPQR)

("C:\Users\Mike\AppData\Local\Programs\MiKTeX 2.9\tex\latex\graphics\trig.sty"
Package: trig 1999/03/16 v1.09 sin cos tan (DPC)
)
("C:\Users\Mike\AppData\Local\Programs\MiKTeX 2.9\tex\latex\00miktex\graphics.c
fg"
File: graphics.cfg 2007/01/18 v1.5 graphics configuration of teTeX/TeXLive
)
Package graphics Info: Driver file: pdftex.def on input line 94.

("C:\Users\Mike\AppData\Local\Programs\MiKTeX 2.9\tex\latex\pdftex-def\pdftex.d
ef"
File: pdftex.def 2011/05/27 v0.06d Graphics/color for pdfTeX

("C:\Users\Mike\AppData\Local\Programs\MiKTeX 2.9\tex\generic\oberdiek\infwarer
r.sty"
Package: infwarerr 2010/04/08 v1.3 Providing info/warning/error messages (HO)
)
("C:\Users\Mike\AppData\Local\Programs\MiKTeX 2.9\tex\generic\oberdiek\ltxcmds.
sty"
Package: ltxcmds 2011/11/09 v1.22 LaTeX kernel commands for general use (HO)
)
\Gread@gobject=\count94
))
\Gin@req@height=\dimen118
\Gin@req@width=\dimen119
)
("C:\Users\Mike\AppData\Local\Programs\MiKTeX 2.9\tex\latex\float\float.sty"
Package: float 2001/11/08 v1.3d Float enhancements (AL)
\c@float@type=\count95
\float@exts=\toks18
\float@box=\box27
\@float@everytoks=\toks19
\@floatcapt=\box28
)
("C:\Users\Mike\AppData\Local\Programs\MiKTeX 2.9\tex\latex\fancyhdr\fancyhdr.s
ty"
Package: fancyhdr 2016/09/06 3.8 Extensive control of page headers and footers
\fancy@headwidth=\skip45
\f@ncyO@elh=\skip46
\f@ncyO@erh=\skip47
\f@ncyO@olh=\skip48
\f@ncyO@orh=\skip49
\f@ncyO@elf=\skip50
\f@ncyO@erf=\skip51
\f@ncyO@olf=\skip52
\f@ncyO@orf=\skip53
)
("C:\Users\Mike\AppData\Local\Programs\MiKTeX 2.9\tex\latex\lastpage\lastpage.s
ty"
Package: lastpage 2015/03/29 v1.2m Refers to last page's name (HMM; JPG)
) ("C:\Users\Mike\AppData\Local\Programs\MiKTeX 2.9\tex\latex\tabu\tabu.sty"
Package: tabu 2011/02/26 v2.8 - flexible LaTeX tabulars (FC)

("C:\Users\Mike\AppData\Local\Programs\MiKTeX 2.9\tex\latex\ltxmisc\varwidth.st
y"
Package: varwidth 2009/03/30 ver 0.92;  Variable-width minipages
\@vwid@box=\box29
\sift@deathcycles=\count96
\@vwid@loff=\dimen120
\@vwid@roff=\dimen121
)
\c@taburow=\count97
\tabu@nbcols=\count98
\tabu@cnt=\count99
\tabu@Xcol=\count100
\tabu@alloc=\count101
\tabu@nested=\count102
\tabu@target=\dimen122
\tabu@spreadtarget=\dimen123
\tabu@naturalX=\dimen124
\tabucolX=\dimen125
\tabu@Xsum=\dimen126
\extrarowdepth=\dimen127
\abovetabulinesep=\dimen128
\belowtabulinesep=\dimen129
\tabustrutrule=\dimen130
\tabu@thebody=\toks20
\tabu@footnotes=\toks21
\tabu@box=\box30
\tabu@arstrutbox=\box31
\tabu@hleads=\box32
\tabu@vleads=\box33
\tabu@cellskip=\skip54
) ("Report-Assignment 4.aux")
\openout1 = `"Report-Assignment 4.aux"'.

LaTeX Font Info:    Checking defaults for OML/cmm/m/it on input line 29.
LaTeX Font Info:    ... okay on input line 29.
LaTeX Font Info:    Checking defaults for T1/cmr/m/n on input line 29.
LaTeX Font Info:    ... okay on input line 29.
LaTeX Font Info:    Checking defaults for OT1/cmr/m/n on input line 29.
LaTeX Font Info:    ... okay on input line 29.
LaTeX Font Info:    Checking defaults for OMS/cmsy/m/n on input line 29.
LaTeX Font Info:    ... okay on input line 29.
LaTeX Font Info:    Checking defaults for OMX/cmex/m/n on input line 29.
LaTeX Font Info:    ... okay on input line 29.
LaTeX Font Info:    Checking defaults for U/cmr/m/n on input line 29.
LaTeX Font Info:    ... okay on input line 29.

*geometry* driver: auto-detecting
*geometry* detected driver: pdftex
*geometry* verbose mode - [ preamble ] result:
* driver: pdftex
* paper: <default>
* layout: <same size as paper>
* layoutoffset:(h,v)=(0.0pt,0.0pt)
* modes: 
* h-part:(L,W,R)=(36.135pt, 542.02501pt, 36.135pt)
* v-part:(T,H,B)=(72.26999pt, 650.43001pt, 72.26999pt)
* \paperwidth=614.295pt
* \paperheight=794.96999pt
* \textwidth=542.02501pt
* \textheight=650.43001pt
* \oddsidemargin=-36.135pt
* \evensidemargin=-36.135pt
* \topmargin=-38.74988pt
* \headheight=21.52771pt
* \headsep=17.22217pt
* \topskip=10.0pt
* \footskip=30.0pt
* \marginparwidth=65.0pt
* \marginparsep=11.0pt
* \columnsep=10.0pt
* \skip\footins=9.0pt plus 4.0pt minus 2.0pt
* \hoffset=0.0pt
* \voffset=0.0pt
* \mag=1000
* \@twocolumnfalse
* \@twosidefalse
* \@mparswitchfalse
* \@reversemarginfalse
* (1in=72.27pt=25.4mm, 1cm=28.453pt)


("C:\Users\Mike\AppData\Local\Programs\MiKTeX 2.9\tex\context\base\supp-pdf.mki
i"
[Loading MPS to PDF converter (version 2006.09.02).]
\scratchcounter=\count103
\scratchdimen=\dimen131
\scratchbox=\box34
\nofMPsegments=\count104
\nofMParguments=\count105
\everyMPshowfont=\toks22
\MPscratchCnt=\count106
\MPscratchDim=\dimen132
\MPnumerator=\count107
\makeMPintoPDFobject=\count108
\everyMPtoPDFconversion=\toks23
)
Package lastpage Info: Please have a look at the pageslts package at
(lastpage)             https://www.ctan.org/pkg/pageslts
(lastpage)             ! on input line 29.
LaTeX Font Info:    External font `cmex10' loaded for size
(Font)              <24.88> on input line 43.
LaTeX Font Info:    External font `cmex10' loaded for size
(Font)              <20.74> on input line 43.
LaTeX Font Info:    External font `cmex10' loaded for size
(Font)              <17.28> on input line 43.
 [1

{C:/Users/Mike/AppData/Local/MiKTeX/2.9/pdftex/config/pdftex.map}]
LaTeX Font Info:    External font `cmex10' loaded for size
(Font)              <14.4> on input line 67.
LaTeX Font Info:    External font `cmex10' loaded for size
(Font)              <7> on input line 67.

<facebook.pdf, id=7, 614.295pt x 794.97pt>
File: facebook.pdf Graphic file (type pdf)
 <use facebook.pdf>
Package pdftex.def Info: facebook.pdf used on input line 72.
(pdftex.def)             Requested size: 373.77269pt x 483.69684pt.

<p1code.png, id=8, 354.57469pt x 408.77719pt>
File: p1code.png Graphic file (type png)
 <use p1code.png>
Package pdftex.def Info: p1code.png used on input line 78.
(pdftex.def)             Requested size: 296.17432pt x 341.43306pt.
 [1 <./facebook.pdf>] [2 <./p1code.png>] <p2code.png, id=25, 560.8453pt x 243.1
5843pt>
File: p2code.png Graphic file (type png)

<use p2code.png>
Package pdftex.def Info: p2code.png used on input line 91.
(pdftex.def)             Requested size: 560.84393pt x 243.15784pt.

Overfull \hbox (18.81892pt too wide) in paragraph at lines 91--92
 [][] 
 []

<twitter.pdf, id=26, 614.295pt x 794.97pt>
File: twitter.pdf Graphic file (type pdf)
 <use twitter.pdf>
Package pdftex.def Info: twitter.pdf used on input line 97.
(pdftex.def)             Requested size: 439.73312pt x 569.05511pt.
 [3 <./p2code.png>] [4 <./twitter.pdf>] 
AED: lastpage setting LastPage
[5] ("Report-Assignment 4.aux") ) 
Here is how much of TeX's memory you used:
 3043 strings out of 493634
 43735 string characters out of 3135647
 113115 words of memory out of 3000000
 6425 multiletter control sequences out of 15000+200000
 8563 words of font info for 30 fonts, out of 3000000 for 9000
 1025 hyphenation exceptions out of 8191
 27i,10n,43p,1029b,249s stack positions out of 5000i,500n,10000p,200000b,50000s
<C:/Users/Mike/AppData/Local/Programs/MiKTeX 2
.9/fonts/type1/public/amsfonts/cm/cmbx12.pfb><C:/Users/Mike/AppData/Local/Progr
ams/MiKTeX 2.9/fonts/type1/public/amsfonts/cm/cmr10.pfb><C:/Users/Mike/AppData/
Local/Programs/MiKTeX 2.9/fonts/type1/public/amsfonts/cm/cmr17.pfb><C:/Users/Mi
ke/AppData/Local/Programs/MiKTeX 2.9/fonts/type1/public/amsfonts/cm/cmti12.pfb>

Output written on "Report-Assignment 4.pdf" (6 pages, 127065 bytes).
PDF statistics:
 56 PDF objects out of 1000 (max. 8388607)
 0 named destinations out of 1000 (max. 500000)
 21 words of extra memory for PDF output out of 10000 (max. 10000000)

